<?xml version="1.0" encoding="UTF-8"?>
<!-- Generated by org.testng.reporters.JUnitXMLReporter -->
<testsuite hostname="DESKTOP-I777B4I" name="Default test" tests="5" failures="0" timestamp="3 Nov 2020 16:47:04 GMT" time="1.463" errors="0">
  <testcase name="enterDay" time="0.181" classname="com.facebook.automation.Facebook"/>
  <testcase name="enterMonth" time="0.269" classname="com.facebook.automation.Facebook"/>
  <testcase name="enterYear" time="0.323" classname="com.facebook.automation.Facebook"/>
  <testcase name="selectRadioButton" time="0.182" classname="com.facebook.automation.Facebook"/>
  <testcase name="registration" time="0.487" classname="com.facebook.automation.Facebook"/>
</testsuite> <!-- Default test -->
